

Started GET "/" for 127.0.0.1 at 2016-04-03 20:45:09 -0700
Processing by Rails::WelcomeController#index as HTML
  Rendered /usr/local/rvm/gems/ruby-2.2.1/gems/railties-4.2.5.1/lib/rails/templates/rails/welcome/index.html.erb (1.8ms)
Completed 200 OK in 19ms (Views: 9.6ms | ActiveRecord: 0.0ms)


Started GET "/rails/info/properties" for 127.0.0.1 at 2016-04-03 20:46:21 -0700
Processing by Rails::InfoController#properties as HTML
  Rendered /usr/local/rvm/gems/ruby-2.2.1/gems/railties-4.2.5.1/lib/rails/templates/rails/info/properties.html.erb (0.4ms)
Completed 200 OK in 33ms (Views: 8.3ms | ActiveRecord: 1.4ms)
  [1m[36m (24.8ms)[0m  [1mCREATE TABLE "schema_migrations" ("version" varchar NOT NULL) [0m
  [1m[35m (0.1ms)[0m  select sqlite_version(*)
  [1m[36m (24.2ms)[0m  [1mCREATE UNIQUE INDEX "unique_schema_migrations" ON "schema_migrations" ("version")[0m
  [1m[35mActiveRecord::SchemaMigration Load (0.2ms)[0m  SELECT "schema_migrations".* FROM "schema_migrations"
Migrating to CreateArticles (20160404034859)
  [1m[36m (0.1ms)[0m  [1mbegin transaction[0m
  [1m[35m (0.4ms)[0m  CREATE TABLE "articles" ("id" INTEGER PRIMARY KEY AUTOINCREMENT NOT NULL, "title" varchar, "body" text, "created_at" datetime NOT NULL, "updated_at" datetime NOT NULL) 
  [1m[36mSQL (0.3ms)[0m  [1mINSERT INTO "schema_migrations" ("version") VALUES (?)[0m  [["version", "20160404034859"]]
  [1m[35m (14.6ms)[0m  commit transaction
  [1m[36mActiveRecord::SchemaMigration Load (0.1ms)[0m  [1mSELECT "schema_migrations".* FROM "schema_migrations"[0m
  [1m[36mActiveRecord::SchemaMigration Load (0.1ms)[0m  [1mSELECT "schema_migrations".* FROM "schema_migrations"[0m
  [1m[35mActiveRecord::SchemaMigration Load (0.1ms)[0m  SELECT "schema_migrations".* FROM "schema_migrations"
  [1m[36mArticle Load (1.0ms)[0m  [1mSELECT "articles".* FROM "articles"[0m
  [1m[35mArticle Load (0.3ms)[0m  SELECT "articles".* FROM "articles"
  [1m[36mArticle Load (0.3ms)[0m  [1mSELECT "articles".* FROM "articles"[0m
  [1m[35m (0.2ms)[0m  begin transaction
  [1m[36mSQL (0.3ms)[0m  [1mINSERT INTO "articles" ("title", "body", "created_at", "updated_at") VALUES (?, ?, ?, ?)[0m  [["title", "Sample Article Title"], ["body", "This is the text for my article, woo hoo!"], ["created_at", "2016-04-04 04:32:19.309810"], ["updated_at", "2016-04-04 04:32:19.309810"]]
  [1m[35m (23.6ms)[0m  commit transaction
  [1m[36mArticle Load (0.3ms)[0m  [1mSELECT "articles".* FROM "articles"[0m
  [1m[35m (0.1ms)[0m  begin transaction
  [1m[36mSQL (0.3ms)[0m  [1mINSERT INTO "articles" ("title", "body", "created_at", "updated_at") VALUES (?, ?, ?, ?)[0m  [["title", "A Second Article Title"], ["body", "Text for my second article."], ["created_at", "2016-04-04 04:34:28.109929"], ["updated_at", "2016-04-04 04:34:28.109929"]]
  [1m[35m (13.0ms)[0m  commit transaction
  [1m[36m (0.1ms)[0m  [1mbegin transaction[0m
  [1m[35mSQL (0.3ms)[0m  INSERT INTO "articles" ("title", "body", "created_at", "updated_at") VALUES (?, ?, ?, ?)  [["title", "This is yet another Article"], ["body", "Can I keep making fake records"], ["created_at", "2016-04-04 04:35:15.966618"], ["updated_at", "2016-04-04 04:35:15.966618"]]
  [1m[36m (22.3ms)[0m  [1mcommit transaction[0m
  [1m[35m (0.1ms)[0m  begin transaction
  [1m[36mSQL (0.3ms)[0m  [1mINSERT INTO "articles" ("title", "body", "created_at", "updated_at") VALUES (?, ?, ?, ?)[0m  [["title", "Green Article"], ["body", "This body has lots of green in it"], ["created_at", "2016-04-04 04:36:15.128880"], ["updated_at", "2016-04-04 04:36:15.128880"]]
  [1m[35m (22.1ms)[0m  commit transaction
  [1m[36mArticle Load (0.3ms)[0m  [1mSELECT "articles".* FROM "articles"[0m
